TN:
SF:C:\projects\altcover\AltCover.Recorder\Tracer.fs
FN:17,System.String AltCover.Recorder.Tracer::Core()
FN:21,AltCover.Recorder.Tracer AltCover.Recorder.Tracer::Create(System.String)
FN:30,System.Boolean AltCover.Recorder.Tracer::IsConnected()
FN:35,AltCover.Recorder.Tracer AltCover.Recorder.Tracer::Connect()
FN:47,System.Void AltCover.Recorder.Tracer::Close()
FN:51,System.Void AltCover.Recorder.Tracer::Push(System.String,c,AltCover.Recorder.Track)
FN:56,System.Void AltCover.Recorder.Tracer::CatchUp(System.Collections.Generic.Dictionary`2<System.String,System.Collections.Generic.Dictionary`2<System.Int32,System.Tuple`2<System.Int32,Microsoft.FSharp.Collections.FSharpList`1<AltCover.Recorder.Track>>>>)
FN:69,AltCover.Recorder.Tracer AltCover.Recorder.Tracer::OnStart()
FN:74,b AltCover.Recorder.Tracer::OnConnected(Microsoft.FSharp.Core.FSharpFunc`2<Microsoft.FSharp.Core.Unit,b>,Microsoft.FSharp.Core.FSharpFunc`2<Microsoft.FSharp.Core.Unit,b>)
FN:78,System.Void AltCover.Recorder.Tracer::OnFinish(System.Collections.Generic.Dictionary`2<System.String,System.Collections.Generic.Dictionary`2<System.Int32,System.Tuple`2<System.Int32,Microsoft.FSharp.Collections.FSharpList`1<AltCover.Recorder.Track>>>>)
FN:84,System.Void AltCover.Recorder.Tracer::OnVisit(System.Collections.Generic.Dictionary`2<System.String,System.Collections.Generic.Dictionary`2<System.Int32,System.Tuple`2<System.Int32,Microsoft.FSharp.Collections.FSharpList`1<AltCover.Recorder.Track>>>>,System.String,a,AltCover.Recorder.Track)
FN:39,AltCover.Recorder.Tracer <StartupCode$AltCover-Recorder>.$Tracer/Connect@39::Invoke(System.String)
FN:38,System.Boolean <StartupCode$AltCover-Recorder>.$Tracer/Connect@38-1::Invoke(System.String)
FN:36,System.String <StartupCode$AltCover-Recorder>.$Tracer/Connect@36-2::Invoke(System.Int32)
FN:61,Microsoft.FSharp.Core.Unit <StartupCode$AltCover-Recorder>.$Tracer/CatchUp@61-2::Invoke(AltCover.Recorder.Track)
FN:62,AltCover.Recorder.Track <StartupCode$AltCover-Recorder>.$Tracer/CatchUp@62-3::Invoke(System.Int32)
FN:60,Microsoft.FSharp.Core.Unit <StartupCode$AltCover-Recorder>.$Tracer/CatchUp@60-1::Invoke(System.Int32)
FN:59,Microsoft.FSharp.Core.Unit <StartupCode$AltCover-Recorder>.$Tracer/CatchUp@58::Invoke(System.String)
FNDA:0,System.String AltCover.Recorder.Tracer::Core()
FNDA:0,AltCover.Recorder.Tracer AltCover.Recorder.Tracer::Create(System.String)
FNDA:0,System.Boolean AltCover.Recorder.Tracer::IsConnected()
FNDA:0,AltCover.Recorder.Tracer AltCover.Recorder.Tracer::Connect()
FNDA:0,System.Void AltCover.Recorder.Tracer::Close()
FNDA:0,System.Void AltCover.Recorder.Tracer::Push(System.String,c,AltCover.Recorder.Track)
FNDA:0,System.Void AltCover.Recorder.Tracer::CatchUp(System.Collections.Generic.Dictionary`2<System.String,System.Collections.Generic.Dictionary`2<System.Int32,System.Tuple`2<System.Int32,Microsoft.FSharp.Collections.FSharpList`1<AltCover.Recorder.Track>>>>)
FNDA:0,AltCover.Recorder.Tracer AltCover.Recorder.Tracer::OnStart()
FNDA:0,b AltCover.Recorder.Tracer::OnConnected(Microsoft.FSharp.Core.FSharpFunc`2<Microsoft.FSharp.Core.Unit,b>,Microsoft.FSharp.Core.FSharpFunc`2<Microsoft.FSharp.Core.Unit,b>)
FNDA:0,System.Void AltCover.Recorder.Tracer::OnFinish(System.Collections.Generic.Dictionary`2<System.String,System.Collections.Generic.Dictionary`2<System.Int32,System.Tuple`2<System.Int32,Microsoft.FSharp.Collections.FSharpList`1<AltCover.Recorder.Track>>>>)
FNDA:0,System.Void AltCover.Recorder.Tracer::OnVisit(System.Collections.Generic.Dictionary`2<System.String,System.Collections.Generic.Dictionary`2<System.Int32,System.Tuple`2<System.Int32,Microsoft.FSharp.Collections.FSharpList`1<AltCover.Recorder.Track>>>>,System.String,a,AltCover.Recorder.Track)
FNDA:0,AltCover.Recorder.Tracer <StartupCode$AltCover-Recorder>.$Tracer/Connect@39::Invoke(System.String)
FNDA:0,System.Boolean <StartupCode$AltCover-Recorder>.$Tracer/Connect@38-1::Invoke(System.String)
FNDA:0,System.String <StartupCode$AltCover-Recorder>.$Tracer/Connect@36-2::Invoke(System.Int32)
FNDA:0,Microsoft.FSharp.Core.Unit <StartupCode$AltCover-Recorder>.$Tracer/CatchUp@61-2::Invoke(AltCover.Recorder.Track)
FNDA:0,AltCover.Recorder.Track <StartupCode$AltCover-Recorder>.$Tracer/CatchUp@62-3::Invoke(System.Int32)
FNDA:0,Microsoft.FSharp.Core.Unit <StartupCode$AltCover-Recorder>.$Tracer/CatchUp@60-1::Invoke(System.Int32)
FNDA:0,Microsoft.FSharp.Core.Unit <StartupCode$AltCover-Recorder>.$Tracer/CatchUp@58::Invoke(System.String)
FNF:18
FNH:0
BRDA:30,0,0,-
BRDA:30,0,1,-
BRDA:35,2,0,-
BRDA:35,2,1,-
BRDA:51,4,0,-
BRDA:51,4,1,-
BRDA:69,6,0,-
BRDA:69,6,1,-
BRDA:74,8,0,-
BRDA:74,8,1,-
BRF:10
BRH:0
DA:17,0
DA:21,0
DA:30,0
DA:32,0
DA:31,0
DA:35,0
DA:36,0
DA:44,0
DA:47,0
DA:51,0
DA:52,0
DA:53,0
DA:56,0
DA:57,0
DA:66,0
DA:69,0
DA:70,0
DA:70,0
DA:71,0
DA:74,0
DA:74,0
DA:75,0
DA:78,0
DA:79,0
DA:80,0
DA:81,0
DA:84,0
DA:85,0
DA:39,0
DA:40,0
DA:38,0
DA:36,0
DA:61,0
DA:62,0
DA:60,0
DA:64,0
DA:59,0
LH:0
LF:37
end_of_record
SF:C:\projects\altcover\AltCover.Recorder\Recorder.fs
FN:43,Microsoft.FSharp.Core.FSharpOption`1<System.String> AltCover.Recorder.Instance::GetResource(System.String)
FN:112,System.Void AltCover.Recorder.Instance::Push(System.Int32)
FN:113,System.Void AltCover.Recorder.Instance::Pop()
FN:114,System.Int32 AltCover.Recorder.Instance::CallerId()
FN:127,a AltCover.Recorder.Instance::WithMutex(Microsoft.FSharp.Core.FSharpFunc`2<System.Boolean,a>)
FN:137,System.Void AltCover.Recorder.Instance::FlushCounterImpl(a)
FN:150,System.Void AltCover.Recorder.Instance::TraceVisit(System.String,a,AltCover.Recorder.Track)
FN:158,System.Void AltCover.Recorder.Instance::VisitImpl(System.String,System.Int32,AltCover.Recorder.Track)
FN:163,Microsoft.FSharp.Control.FSharpAsync`1<Microsoft.FSharp.Core.Unit> AltCover.Recorder.Instance::loop(Microsoft.FSharp.Control.FSharpMailboxProcessor`1<AltCover.Recorder.Message>)
FN:183,Microsoft.FSharp.Control.FSharpMailboxProcessor`1<AltCover.Recorder.Message> AltCover.Recorder.Instance::MakeMailbox()
FN:188,System.Int32 AltCover.Recorder.Instance::Backlog()
FN:195,System.Int64 AltCover.Recorder.Instance::Granularity()
FN:197,System.Int64 AltCover.Recorder.Instance::Clock()
FN:200,AltCover.Recorder.Track AltCover.Recorder.Instance::PayloadSelection(Microsoft.FSharp.Core.FSharpFunc`2<Microsoft.FSharp.Core.Unit,System.Int64>,Microsoft.FSharp.Core.FSharpFunc`2<Microsoft.FSharp.Core.Unit,System.Int64>,Microsoft.FSharp.Core.FSharpFunc`2<Microsoft.FSharp.Core.Unit,System.Boolean>)
FN:211,AltCover.Recorder.Track AltCover.Recorder.Instance::PayloadSelector(Microsoft.FSharp.Core.FSharpFunc`2<Microsoft.FSharp.Core.Unit,System.Boolean>)
FN:221,System.Void AltCover.Recorder.Instance::VisitSelection(Microsoft.FSharp.Core.FSharpFunc`2<Microsoft.FSharp.Core.Unit,System.Boolean>,AltCover.Recorder.Track,System.String,System.Int32)
FN:227,System.Void AltCover.Recorder.Instance::Visit(System.String,System.Int32)
FN:231,System.Void AltCover.Recorder.Instance::FlushCounter(AltCover.Recorder.Close,a)
FN:235,System.Void AltCover.Recorder.Instance::RunMailbox()
FN:33,System.Boolean AltCover.Recorder.Instance/resource@33::Invoke(System.String)
FN:32,System.String AltCover.Recorder.Instance/resource@32-1::Invoke(System.String)
FN:43,System.Boolean AltCover.Recorder.Instance/GetResource@43::Invoke(System.String)
FN:42,System.String AltCover.Recorder.Instance/GetResource@42-1::Invoke(System.String)
FN:86,System.Void AltCover.Recorder.Instance/CallStack::.ctor(System.Int32)
FN:89,AltCover.Recorder.Instance/CallStack AltCover.Recorder.Instance/CallStack::get_Instance()
FN:95,System.Void AltCover.Recorder.Instance/CallStack::Push(System.Int32)
FN:99,System.Void AltCover.Recorder.Instance/CallStack::Pop()
FN:106,System.Int32 AltCover.Recorder.Instance/CallStack::CallerId()
FN:144,Microsoft.FSharp.Core.Unit AltCover.Recorder.Instance/delta@144::Invoke(System.Xml.XmlDocument)
FN:144,Microsoft.FSharp.Core.Unit AltCover.Recorder.Instance/delta@144-1::Invoke(System.Xml.XmlElement,Microsoft.FSharp.Collections.FSharpList`1<AltCover.Recorder.Track>)
FN:146,Microsoft.FSharp.Core.Unit AltCover.Recorder.Instance/FlushCounterImpl@146-1::Invoke(System.String)
FN:144,Microsoft.FSharp.Core.Unit AltCover.Recorder.Instance/FlushCounterImpl@143::Invoke(System.Boolean)
FN:171,Microsoft.FSharp.Control.FSharpAsync`1<Microsoft.FSharp.Core.Unit> AltCover.Recorder.Instance/loop@166-1::Invoke(Microsoft.FSharp.Core.FSharpOption`1<AltCover.Recorder.Message>)
FN:165,Microsoft.FSharp.Control.FSharpAsync`1<Microsoft.FSharp.Core.Unit> AltCover.Recorder.Instance/loop@165::Invoke(Microsoft.FSharp.Core.Unit)
FN:183,Microsoft.FSharp.Control.FSharpAsync`1<Microsoft.FSharp.Core.Unit> AltCover.Recorder.Instance/MakeMailbox@183::Invoke(Microsoft.FSharp.Control.FSharpMailboxProcessor`1<AltCover.Recorder.Message>)
FN:185,Microsoft.FSharp.Control.FSharpAsync`1<Microsoft.FSharp.Core.Unit> AltCover.Recorder.Instance/mailbox@185::Invoke(Microsoft.FSharp.Control.FSharpMailboxProcessor`1<AltCover.Recorder.Message>)
FN:208,System.Int64 AltCover.Recorder.Instance/PayloadControl@208::Invoke(Microsoft.FSharp.Core.Unit)
FN:208,AltCover.Recorder.Track AltCover.Recorder.Instance/PayloadControl@208-1::Invoke(Microsoft.FSharp.Core.FSharpFunc`2<Microsoft.FSharp.Core.Unit,System.Int64>,Microsoft.FSharp.Core.FSharpFunc`2<Microsoft.FSharp.Core.Unit,System.Boolean>)
FN:211,System.Int64 AltCover.Recorder.Instance/PayloadSelector@211::Invoke(Microsoft.FSharp.Core.Unit)
FN:223,AltCover.Recorder.Message AltCover.Recorder.Instance/VisitSelection@223::Invoke(Microsoft.FSharp.Control.FSharpAsyncReplyChannel`1<Microsoft.FSharp.Core.Unit>)
FN:228,System.Int64 AltCover.Recorder.Instance/Visit@228-1::Invoke(Microsoft.FSharp.Core.Unit)
FN:228,System.Boolean AltCover.Recorder.Instance/Visit@228-2::Invoke(Microsoft.FSharp.Core.Unit)
FN:231,AltCover.Recorder.Message AltCover.Recorder.Instance/FlushCounter@231::Invoke(Microsoft.FSharp.Control.FSharpAsyncReplyChannel`1<Microsoft.FSharp.Core.Unit>)
FN:235,Microsoft.FSharp.Control.FSharpAsync`1<Microsoft.FSharp.Core.Unit> AltCover.Recorder.Instance/RunMailbox@235::Invoke(Microsoft.FSharp.Control.FSharpMailboxProcessor`1<AltCover.Recorder.Message>)
FN:240,Microsoft.FSharp.Core.Unit AltCover.Recorder.Instance/clo@240::Invoke(System.EventHandler)
FN:240,Microsoft.FSharp.Core.Unit AltCover.Recorder.Instance/clo@240-1::Invoke(System.EventHandler)
FN:240,System.Void AltCover.Recorder.Instance/clo@240-3::Invoke(System.Object,System.EventArgs)
FN:240,System.EventHandler AltCover.Recorder.Instance/clo@240-2::Invoke(Microsoft.FSharp.Core.FSharpFunc`2<System.Object,Microsoft.FSharp.Core.FSharpFunc`2<System.EventArgs,Microsoft.FSharp.Core.Unit>>)
FN:240,Microsoft.FSharp.Core.Unit AltCover.Recorder.Instance/clo@240-4::Invoke(System.EventArgs)
FN:241,Microsoft.FSharp.Core.Unit AltCover.Recorder.Instance/clo@241-5::Invoke(System.EventHandler)
FN:241,Microsoft.FSharp.Core.Unit AltCover.Recorder.Instance/clo@241-6::Invoke(System.EventHandler)
FN:241,System.Void AltCover.Recorder.Instance/clo@241-8::Invoke(System.Object,System.EventArgs)
FN:241,System.EventHandler AltCover.Recorder.Instance/clo@241-7::Invoke(Microsoft.FSharp.Core.FSharpFunc`2<System.Object,Microsoft.FSharp.Core.FSharpFunc`2<System.EventArgs,Microsoft.FSharp.Core.Unit>>)
FN:241,Microsoft.FSharp.Core.Unit AltCover.Recorder.Instance/clo@241-9::Invoke(System.EventArgs)
FN:242,Microsoft.FSharp.Core.Unit AltCover.Recorder.Instance/clo@242-10::Invoke(System.Boolean)
FN:31,System.Void <StartupCode$AltCover-Recorder>.$Recorder::.cctor()
FNDA:0,Microsoft.FSharp.Core.FSharpOption`1<System.String> AltCover.Recorder.Instance::GetResource(System.String)
FNDA:0,System.Void AltCover.Recorder.Instance::Push(System.Int32)
FNDA:0,System.Void AltCover.Recorder.Instance::Pop()
FNDA:0,System.Int32 AltCover.Recorder.Instance::CallerId()
FNDA:0,a AltCover.Recorder.Instance::WithMutex(Microsoft.FSharp.Core.FSharpFunc`2<System.Boolean,a>)
FNDA:0,System.Void AltCover.Recorder.Instance::FlushCounterImpl(a)
FNDA:0,System.Void AltCover.Recorder.Instance::TraceVisit(System.String,a,AltCover.Recorder.Track)
FNDA:0,System.Void AltCover.Recorder.Instance::VisitImpl(System.String,System.Int32,AltCover.Recorder.Track)
FNDA:0,Microsoft.FSharp.Control.FSharpAsync`1<Microsoft.FSharp.Core.Unit> AltCover.Recorder.Instance::loop(Microsoft.FSharp.Control.FSharpMailboxProcessor`1<AltCover.Recorder.Message>)
FNDA:0,Microsoft.FSharp.Control.FSharpMailboxProcessor`1<AltCover.Recorder.Message> AltCover.Recorder.Instance::MakeMailbox()
FNDA:0,System.Int32 AltCover.Recorder.Instance::Backlog()
FNDA:0,System.Int64 AltCover.Recorder.Instance::Granularity()
FNDA:0,System.Int64 AltCover.Recorder.Instance::Clock()
FNDA:0,AltCover.Recorder.Track AltCover.Recorder.Instance::PayloadSelection(Microsoft.FSharp.Core.FSharpFunc`2<Microsoft.FSharp.Core.Unit,System.Int64>,Microsoft.FSharp.Core.FSharpFunc`2<Microsoft.FSharp.Core.Unit,System.Int64>,Microsoft.FSharp.Core.FSharpFunc`2<Microsoft.FSharp.Core.Unit,System.Boolean>)
FNDA:0,AltCover.Recorder.Track AltCover.Recorder.Instance::PayloadSelector(Microsoft.FSharp.Core.FSharpFunc`2<Microsoft.FSharp.Core.Unit,System.Boolean>)
FNDA:0,System.Void AltCover.Recorder.Instance::VisitSelection(Microsoft.FSharp.Core.FSharpFunc`2<Microsoft.FSharp.Core.Unit,System.Boolean>,AltCover.Recorder.Track,System.String,System.Int32)
FNDA:0,System.Void AltCover.Recorder.Instance::Visit(System.String,System.Int32)
FNDA:0,System.Void AltCover.Recorder.Instance::FlushCounter(AltCover.Recorder.Close,a)
FNDA:0,System.Void AltCover.Recorder.Instance::RunMailbox()
FNDA:0,System.Boolean AltCover.Recorder.Instance/resource@33::Invoke(System.String)
FNDA:0,System.String AltCover.Recorder.Instance/resource@32-1::Invoke(System.String)
FNDA:0,System.Boolean AltCover.Recorder.Instance/GetResource@43::Invoke(System.String)
FNDA:0,System.String AltCover.Recorder.Instance/GetResource@42-1::Invoke(System.String)
FNDA:0,System.Void AltCover.Recorder.Instance/CallStack::.ctor(System.Int32)
FNDA:0,AltCover.Recorder.Instance/CallStack AltCover.Recorder.Instance/CallStack::get_Instance()
FNDA:0,System.Void AltCover.Recorder.Instance/CallStack::Push(System.Int32)
FNDA:0,System.Void AltCover.Recorder.Instance/CallStack::Pop()
FNDA:0,System.Int32 AltCover.Recorder.Instance/CallStack::CallerId()
FNDA:0,Microsoft.FSharp.Core.Unit AltCover.Recorder.Instance/delta@144::Invoke(System.Xml.XmlDocument)
FNDA:0,Microsoft.FSharp.Core.Unit AltCover.Recorder.Instance/delta@144-1::Invoke(System.Xml.XmlElement,Microsoft.FSharp.Collections.FSharpList`1<AltCover.Recorder.Track>)
FNDA:0,Microsoft.FSharp.Core.Unit AltCover.Recorder.Instance/FlushCounterImpl@146-1::Invoke(System.String)
FNDA:0,Microsoft.FSharp.Core.Unit AltCover.Recorder.Instance/FlushCounterImpl@143::Invoke(System.Boolean)
FNDA:0,Microsoft.FSharp.Control.FSharpAsync`1<Microsoft.FSharp.Core.Unit> AltCover.Recorder.Instance/loop@166-1::Invoke(Microsoft.FSharp.Core.FSharpOption`1<AltCover.Recorder.Message>)
FNDA:0,Microsoft.FSharp.Control.FSharpAsync`1<Microsoft.FSharp.Core.Unit> AltCover.Recorder.Instance/loop@165::Invoke(Microsoft.FSharp.Core.Unit)
FNDA:0,Microsoft.FSharp.Control.FSharpAsync`1<Microsoft.FSharp.Core.Unit> AltCover.Recorder.Instance/MakeMailbox@183::Invoke(Microsoft.FSharp.Control.FSharpMailboxProcessor`1<AltCover.Recorder.Message>)
FNDA:0,Microsoft.FSharp.Control.FSharpAsync`1<Microsoft.FSharp.Core.Unit> AltCover.Recorder.Instance/mailbox@185::Invoke(Microsoft.FSharp.Control.FSharpMailboxProcessor`1<AltCover.Recorder.Message>)
FNDA:0,System.Int64 AltCover.Recorder.Instance/PayloadControl@208::Invoke(Microsoft.FSharp.Core.Unit)
FNDA:0,AltCover.Recorder.Track AltCover.Recorder.Instance/PayloadControl@208-1::Invoke(Microsoft.FSharp.Core.FSharpFunc`2<Microsoft.FSharp.Core.Unit,System.Int64>,Microsoft.FSharp.Core.FSharpFunc`2<Microsoft.FSharp.Core.Unit,System.Boolean>)
FNDA:0,System.Int64 AltCover.Recorder.Instance/PayloadSelector@211::Invoke(Microsoft.FSharp.Core.Unit)
FNDA:0,AltCover.Recorder.Message AltCover.Recorder.Instance/VisitSelection@223::Invoke(Microsoft.FSharp.Control.FSharpAsyncReplyChannel`1<Microsoft.FSharp.Core.Unit>)
FNDA:0,System.Int64 AltCover.Recorder.Instance/Visit@228-1::Invoke(Microsoft.FSharp.Core.Unit)
FNDA:0,System.Boolean AltCover.Recorder.Instance/Visit@228-2::Invoke(Microsoft.FSharp.Core.Unit)
FNDA:0,AltCover.Recorder.Message AltCover.Recorder.Instance/FlushCounter@231::Invoke(Microsoft.FSharp.Control.FSharpAsyncReplyChannel`1<Microsoft.FSharp.Core.Unit>)
FNDA:0,Microsoft.FSharp.Control.FSharpAsync`1<Microsoft.FSharp.Core.Unit> AltCover.Recorder.Instance/RunMailbox@235::Invoke(Microsoft.FSharp.Control.FSharpMailboxProcessor`1<AltCover.Recorder.Message>)
FNDA:0,Microsoft.FSharp.Core.Unit AltCover.Recorder.Instance/clo@240::Invoke(System.EventHandler)
FNDA:0,Microsoft.FSharp.Core.Unit AltCover.Recorder.Instance/clo@240-1::Invoke(System.EventHandler)
FNDA:0,System.Void AltCover.Recorder.Instance/clo@240-3::Invoke(System.Object,System.EventArgs)
FNDA:0,System.EventHandler AltCover.Recorder.Instance/clo@240-2::Invoke(Microsoft.FSharp.Core.FSharpFunc`2<System.Object,Microsoft.FSharp.Core.FSharpFunc`2<System.EventArgs,Microsoft.FSharp.Core.Unit>>)
FNDA:0,Microsoft.FSharp.Core.Unit AltCover.Recorder.Instance/clo@240-4::Invoke(System.EventArgs)
FNDA:0,Microsoft.FSharp.Core.Unit AltCover.Recorder.Instance/clo@241-5::Invoke(System.EventHandler)
FNDA:0,Microsoft.FSharp.Core.Unit AltCover.Recorder.Instance/clo@241-6::Invoke(System.EventHandler)
FNDA:0,System.Void AltCover.Recorder.Instance/clo@241-8::Invoke(System.Object,System.EventArgs)
FNDA:0,System.EventHandler AltCover.Recorder.Instance/clo@241-7::Invoke(Microsoft.FSharp.Core.FSharpFunc`2<System.Object,Microsoft.FSharp.Core.FSharpFunc`2<System.EventArgs,Microsoft.FSharp.Core.Unit>>)
FNDA:0,Microsoft.FSharp.Core.Unit AltCover.Recorder.Instance/clo@241-9::Invoke(System.EventArgs)
FNDA:0,Microsoft.FSharp.Core.Unit AltCover.Recorder.Instance/clo@242-10::Invoke(System.Boolean)
FNDA:0,System.Void <StartupCode$AltCover-Recorder>.$Recorder::.cctor()
FNF:56
FNH:0
BRDA:131,10,0,-
BRDA:131,10,1,-
BRDA:158,12,0,-
BRDA:158,12,1,-
BRDA:200,14,0,-
BRDA:200,14,1,-
BRDA:201,16,0,-
BRDA:201,16,1,-
BRDA:201,18,0,-
BRDA:201,18,1,-
BRDA:201,20,0,-
BRDA:201,20,1,-
BRDA:222,22,0,-
BRDA:222,22,1,-
BRDA:89,24,0,-
BRDA:89,24,1,-
BRDA:99,26,0,-
BRDA:99,26,1,-
BRDA:99,28,0,-
BRDA:99,28,1,-
BRDA:99,30,0,-
BRDA:99,30,1,-
BRF:22
BRH:0
DA:43,0
DA:112,0
DA:113,0
DA:114,0
DA:127,0
DA:128,0
DA:129,0
DA:130,0
DA:131,0
DA:131,0
DA:137,0
DA:150,0
DA:158,0
DA:159,0
DA:163,0
DA:183,0
DA:188,0
DA:195,0
DA:197,0
DA:200,0
DA:201,0
DA:204,0
DA:202,0
DA:201,0
DA:205,0
DA:203,0
DA:206,0
DA:211,0
DA:221,0
DA:222,0
DA:223,0
DA:224,0
DA:227,0
DA:231,0
DA:235,0
DA:236,0
DA:33,0
DA:32,0
DA:43,0
DA:42,0
DA:86,0
DA:89,0
DA:90,0
DA:91,0
DA:93,0
DA:95,0
DA:99,0
DA:99,0
DA:102,0
DA:99,0
DA:101,0
DA:99,0
DA:106,0
DA:144,0
DA:144,0
DA:146,0
DA:144,0
DA:146,0
DA:171,0
DA:172,0
DA:174,0
DA:175,0
DA:176,0
DA:178,0
DA:179,0
DA:167,0
DA:165,0
DA:183,0
DA:185,0
DA:208,0
DA:208,0
DA:211,0
DA:223,0
DA:228,0
DA:228,0
DA:231,0
DA:235,0
DA:240,0
DA:240,0
DA:240,0
DA:240,0
DA:240,0
DA:241,0
DA:241,0
DA:241,0
DA:241,0
DA:241,0
DA:242,0
DA:31,0
DA:34,0
DA:50,0
DA:55,0
DA:62,0
DA:69,0
DA:76,0
DA:119,0
DA:124,0
DA:185,0
DA:208,0
DA:213,0
DA:240,0
DA:241,0
DA:242,0
DA:243,0
LH:0
LF:104
end_of_record
SF:C:\projects\altcover\AltCover.Recorder\Base.fs
FN:48,System.Xml.XmlDocument AltCover.Recorder.Counter::ReadXDocument(System.IO.Stream)
FN:59,System.Void AltCover.Recorder.Counter::WriteXDocument(System.Xml.XmlDocument,System.IO.Stream)
FN:62,System.Int32 AltCover.Recorder.Counter::FindIndexFromUspid(System.Int32,System.String)
FN:77,System.Tuple`5<System.String,System.String,System.String,Microsoft.FSharp.Collections.FSharpList`1<System.Tuple`2<System.String,System.Int32>>,System.String> AltCover.Recorder.Counter::XmlByFormat(AltCover.Recorder.ReportFormat)
FN:86,System.DateTime AltCover.Recorder.Counter::UpdateReport(Microsoft.FSharp.Core.FSharpFunc`2<System.Xml.XmlDocument,Microsoft.FSharp.Core.Unit>,Microsoft.FSharp.Core.FSharpFunc`2<System.Xml.XmlElement,Microsoft.FSharp.Core.FSharpFunc`2<Microsoft.FSharp.Collections.FSharpList`1<AltCover.Recorder.Track>,Microsoft.FSharp.Core.Unit>>,System.Boolean,System.Collections.Generic.Dictionary`2<System.String,System.Collections.Generic.Dictionary`2<System.Int32,System.Tuple`2<System.Int32,Microsoft.FSharp.Collections.FSharpList`1<AltCover.Recorder.Track>>>>,AltCover.Recorder.ReportFormat,System.IO.Stream)
FN:156,System.TimeSpan AltCover.Recorder.Counter::DoFlush(Microsoft.FSharp.Core.FSharpFunc`2<System.Xml.XmlDocument,Microsoft.FSharp.Core.Unit>,Microsoft.FSharp.Core.FSharpFunc`2<System.Xml.XmlElement,Microsoft.FSharp.Core.FSharpFunc`2<Microsoft.FSharp.Collections.FSharpList`1<AltCover.Recorder.Track>,Microsoft.FSharp.Core.Unit>>,System.Boolean,System.Collections.Generic.Dictionary`2<System.String,System.Collections.Generic.Dictionary`2<System.Int32,System.Tuple`2<System.Int32,Microsoft.FSharp.Collections.FSharpList`1<AltCover.Recorder.Track>>>>,AltCover.Recorder.ReportFormat,System.String)
FN:161,System.Void AltCover.Recorder.Counter::AddVisit(System.Collections.Generic.Dictionary`2<System.String,System.Collections.Generic.Dictionary`2<System.Int32,System.Tuple`2<System.Int32,Microsoft.FSharp.Collections.FSharpList`1<AltCover.Recorder.Track>>>>,System.String,System.Int32,AltCover.Recorder.Track)
FN:136,Microsoft.FSharp.Core.Unit AltCover.Recorder.Counter/UpdateReport@135-1::Invoke(System.Tuple`2<System.Int32,System.Xml.XmlElement>)
FN:134,System.Boolean AltCover.Recorder.Counter/UpdateReport@134-2::Invoke(System.Tuple`2<System.Int32,System.Xml.XmlElement>)
FN:129,System.Tuple`2<System.Int32,System.Xml.XmlElement> AltCover.Recorder.Counter/UpdateReport@128-3::Invoke(System.Int32,System.Tuple`2<System.Xml.XmlElement,System.Int32>)
FN:126,System.Tuple`2<System.Xml.XmlElement,System.Int32> AltCover.Recorder.Counter/UpdateReport@126-6::Invoke(System.Xml.XmlElement)
FN:124,Microsoft.FSharp.Collections.FSharpList`1<System.Tuple`2<System.Xml.XmlElement,System.Int32>> AltCover.Recorder.Counter/UpdateReport@123-5::Invoke(System.Tuple`2<System.String,System.Int32>)
FN:123,System.Collections.Generic.IEnumerable`1<System.Tuple`2<System.Xml.XmlElement,System.Int32>> AltCover.Recorder.Counter/UpdateReport@121-4::Invoke(System.Xml.XmlElement)
FN:112,Microsoft.FSharp.Core.Unit AltCover.Recorder.Counter/UpdateReport@111::Invoke(System.Tuple`2<System.String,System.Xml.XmlElement>)
FN:110,System.Boolean AltCover.Recorder.Counter/UpdateReport@110-7::Invoke(System.Tuple`2<System.String,System.Xml.XmlElement>)
FN:109,System.Tuple`2<System.String,System.Xml.XmlElement> AltCover.Recorder.Counter/UpdateReport@109-8::Invoke(System.Xml.XmlElement)
FN:32,System.Void <StartupCode$AltCover-Recorder>.$Base::.cctor()
FNDA:0,System.Xml.XmlDocument AltCover.Recorder.Counter::ReadXDocument(System.IO.Stream)
FNDA:0,System.Void AltCover.Recorder.Counter::WriteXDocument(System.Xml.XmlDocument,System.IO.Stream)
FNDA:0,System.Int32 AltCover.Recorder.Counter::FindIndexFromUspid(System.Int32,System.String)
FNDA:0,System.Tuple`5<System.String,System.String,System.String,Microsoft.FSharp.Collections.FSharpList`1<System.Tuple`2<System.String,System.Int32>>,System.String> AltCover.Recorder.Counter::XmlByFormat(AltCover.Recorder.ReportFormat)
FNDA:0,System.DateTime AltCover.Recorder.Counter::UpdateReport(Microsoft.FSharp.Core.FSharpFunc`2<System.Xml.XmlDocument,Microsoft.FSharp.Core.Unit>,Microsoft.FSharp.Core.FSharpFunc`2<System.Xml.XmlElement,Microsoft.FSharp.Core.FSharpFunc`2<Microsoft.FSharp.Collections.FSharpList`1<AltCover.Recorder.Track>,Microsoft.FSharp.Core.Unit>>,System.Boolean,System.Collections.Generic.Dictionary`2<System.String,System.Collections.Generic.Dictionary`2<System.Int32,System.Tuple`2<System.Int32,Microsoft.FSharp.Collections.FSharpList`1<AltCover.Recorder.Track>>>>,AltCover.Recorder.ReportFormat,System.IO.Stream)
FNDA:0,System.TimeSpan AltCover.Recorder.Counter::DoFlush(Microsoft.FSharp.Core.FSharpFunc`2<System.Xml.XmlDocument,Microsoft.FSharp.Core.Unit>,Microsoft.FSharp.Core.FSharpFunc`2<System.Xml.XmlElement,Microsoft.FSharp.Core.FSharpFunc`2<Microsoft.FSharp.Collections.FSharpList`1<AltCover.Recorder.Track>,Microsoft.FSharp.Core.Unit>>,System.Boolean,System.Collections.Generic.Dictionary`2<System.String,System.Collections.Generic.Dictionary`2<System.Int32,System.Tuple`2<System.Int32,Microsoft.FSharp.Collections.FSharpList`1<AltCover.Recorder.Track>>>>,AltCover.Recorder.ReportFormat,System.String)
FNDA:0,System.Void AltCover.Recorder.Counter::AddVisit(System.Collections.Generic.Dictionary`2<System.String,System.Collections.Generic.Dictionary`2<System.Int32,System.Tuple`2<System.Int32,Microsoft.FSharp.Collections.FSharpList`1<AltCover.Recorder.Track>>>>,System.String,System.Int32,AltCover.Recorder.Track)
FNDA:0,Microsoft.FSharp.Core.Unit AltCover.Recorder.Counter/UpdateReport@135-1::Invoke(System.Tuple`2<System.Int32,System.Xml.XmlElement>)
FNDA:0,System.Boolean AltCover.Recorder.Counter/UpdateReport@134-2::Invoke(System.Tuple`2<System.Int32,System.Xml.XmlElement>)
FNDA:0,System.Tuple`2<System.Int32,System.Xml.XmlElement> AltCover.Recorder.Counter/UpdateReport@128-3::Invoke(System.Int32,System.Tuple`2<System.Xml.XmlElement,System.Int32>)
FNDA:0,System.Tuple`2<System.Xml.XmlElement,System.Int32> AltCover.Recorder.Counter/UpdateReport@126-6::Invoke(System.Xml.XmlElement)
FNDA:0,Microsoft.FSharp.Collections.FSharpList`1<System.Tuple`2<System.Xml.XmlElement,System.Int32>> AltCover.Recorder.Counter/UpdateReport@123-5::Invoke(System.Tuple`2<System.String,System.Int32>)
FNDA:0,System.Collections.Generic.IEnumerable`1<System.Tuple`2<System.Xml.XmlElement,System.Int32>> AltCover.Recorder.Counter/UpdateReport@121-4::Invoke(System.Xml.XmlElement)
FNDA:0,Microsoft.FSharp.Core.Unit AltCover.Recorder.Counter/UpdateReport@111::Invoke(System.Tuple`2<System.String,System.Xml.XmlElement>)
FNDA:0,System.Boolean AltCover.Recorder.Counter/UpdateReport@110-7::Invoke(System.Tuple`2<System.String,System.Xml.XmlElement>)
FNDA:0,System.Tuple`2<System.String,System.Xml.XmlElement> AltCover.Recorder.Counter/UpdateReport@109-8::Invoke(System.Xml.XmlElement)
FNDA:0,System.Void <StartupCode$AltCover-Recorder>.$Base::.cctor()
FNF:17
FNH:0
BRDA:65,32,0,-
BRDA:65,32,1,-
BRDA:90,34,0,-
BRDA:90,34,1,-
BRDA:96,36,0,-
BRDA:96,36,1,-
BRDA:97,38,0,-
BRDA:97,38,1,-
BRDA:152,40,0,-
BRDA:152,40,1,-
BRDA:161,42,0,-
BRDA:161,42,1,-
BRDA:162,44,0,-
BRDA:162,44,1,-
BRDA:165,46,0,-
BRDA:165,46,1,-
BRDA:129,48,0,-
BRDA:129,48,1,-
BRF:18
BRH:0
DA:48,0
DA:49,0
DA:50,0
DA:59,0
DA:62,0
DA:65,0
DA:65,0
DA:65,0
DA:77,0
DA:76,0
DA:86,0
DA:87,0
DA:88,0
DA:90,0
DA:91,0
DA:92,0
DA:93,0
DA:94,0
DA:96,0
DA:96,0
DA:96,0
DA:96,0
DA:97,0
DA:97,0
DA:97,0
DA:97,0
DA:99,0
DA:101,0
DA:103,0
DA:106,0
DA:111,0
DA:147,0
DA:150,0
DA:151,0
DA:152,0
DA:152,0
DA:153,0
DA:156,0
DA:157,0
DA:158,0
DA:161,0
DA:161,0
DA:162,0
DA:163,0
DA:164,0
DA:165,0
DA:166,0
DA:167,0
DA:136,0
DA:137,0
DA:138,0
DA:142,0
DA:143,0
DA:144,0
DA:145,0
DA:134,0
DA:129,0
DA:132,0
DA:131,0
DA:126,0
DA:124,0
DA:123,0
DA:112,0
DA:118,0
DA:135,0
DA:110,0
DA:109,0
DA:32,0
DA:37,0
DA:67,0
DA:71,0
LH:0
LF:71
end_of_record
